186
180
47
161
71
7
116
56
26
48
122
24
92
165
130
6
51
133
84
89
23
197
58
114
36
144
63
135
2
55
21
77
73
126
176
5
79
30
108
106
90
15
37
168
27
11
54
183
70
4
152
91
187
46
159
192
188
66
119
8
18
72
166
169
98
138
160
200
94
82
19
3
12
143
78
101
64
164
112
13
155
128
16
33
41
20
59
61
103
68
81
147
87
189
167
156
107
65
38
171
157
95
93
154
42
198
39
182
86
185
195
62
102
148
177
100
76
194
191
136
124
149
193
125
190
175
134
25
184
99
151
173
178
121
57
32
141
34
104
80
174
49
113
111
181
153
117
179
10
131
