2
7
12
17
22
27
32
37
45
53
58
63
68
76
81
86
91
96
102
107
112
117
122
127
132
137
145
151
156
161
166
171
176
183
188
196
1
6
11
16
21
26
31
36
44
52
57
62
67
75
80
85
90
95
101
106
111
116
121
126
131
136
144
150
155
160
165
170
175
180
181
182
187
195
4
9
14
19
24
29
34
39
42
47
49
55
60
65
70
73
78
83
88
93
98
104
109
114
119
124
129
134
139
142
147
149
153
158
163
168
173
178
185
190
193
198
5
10
15
20
25
30
35
40
43
48
50
51
56
61
66
71
74
79
84
89
94
99
100
105
110
115
120
125
130
135
140
143
148
154
159
164
169
174
179
186
191
194
199
