150
143
114
119
117
118
4
63
91
135
24
27
126
146
95
7
51
55
183
190
106
87
103
184
49
170
107
152
65
120
148
165
1
88
141
77
86
111
182
31
76
193
52
72
89
113
79
173
22
8
123
163
160
21
159
180
161
156
20
121
157
179
9
41
78
96
37
44
125
45
144
84
174
56
3
169
132
93
14
28
196
23
6
35
54
171
39
176
97
80
198
131
61
186
83
199
140
82
69
137
177
200
19
46
68
59
181
128
50
64
73
34
58
191
11
139
16
194
26
13
17
67
154
178
142
47
175
195
189
53
124
12
98
85
43
33
38
136
192
36
71
168
105
158
129
42
164
48
110
75
104
145
122
2
99
18
92
185
29
147
94
66
138
133
166
112
197
134
188
116
81
155
74
100
187
32
108
5
30
127
60
153
10
172
57
167
62
162
101
109
115
130
15
149
40
151
102
70
25
90
