81
55
167
63
195
188
110
142
71
198
181
143
197
74
151
87
186
115
177
132
169
19
72
1
180
157
80
47
135
16
92
144
20
91
9
3
126
43
7
199
117
162
170
13
160
165
182
190
23
15
145
18
111
100
156
118
42
66
94
44
159
65
17
5
97
35
164
33
130
146
61
107
54
4
96
184
103
11
102
27
6
113
67
40
141
116
192
56
191
99
140
76
12
86
51
123
60
187
119
133
98
105
175
149
73
154
129
93
46
173
174
112
8
138
85
150
128
196
30
168
31
57
78
104
114
48
161
25
75
83
88
34
22
163
171
148
38
183
41
122
10
95
79
176
178
136
59
158
193
137
134
121
82
147
124
53
155
21
50
131
101
32
106
166
152
64
185
172
70
120
24
125
68
36
37
2
26
52
139
153
84
200
45
49
194
28
127
39
14
108
189
109
89
77
29
69
90
58
62
179
