111
2
9
35
37
36
1
173
38
116
5
4
179
7
112
177
3
110
34
175
6
39
11
42
14
15
8
43
56
57
174
50
178
120
45
181
188
16
194
200
49
109
20
19
186
55
25
13
47
185
59
187
46
58
143
131
54
148
151
133
189
142
195
52
135
184
115
136
145
114
139
51
10
146
22
129
117
41
183
191
182
199
150
48
134
140
190
23
12
18
24
196
17
113
197
53
21
97
180
27
192
68
86
87
171
31
166
93
80
125
124
132
81
160
152
193
102
198
130
70
157
159
61
170
40
98
99
153
118
92
137
32
147
161
128
85
101
78
106
100
158
44
64
138
127
62
76
66
65
82
154
30
176
103
88
119
75
96
74
168
164
144
95
126
149
141
60
91
155
84
77
26
162
163
169
89
94
90
63
83
72
69
29
67
104
123
33
172
165
105
167
79
107
156
71
28
122
121
108
73
