32
134
187
164
49
67
69
63
153
124
71
172
80
125
177
100
158
17
137
139
29
178
196
10
97
136
70
4
154
109
110
142
55
155
163
16
106
38
188
107
191
14
192
131
126
13
96
195
46
34
86
143
72
102
84
115
128
179
98
85
176
152
39
149
193
68
37
53
161
61
175
60
82
40
148
20
159
132
162
81
103
15
111
189
90
7
27
24
74
120
133
23
118
169
64
56
144
122
21
28
194
151
19
1
48
156
5
45
75
79
199
135
190
3
99
174
58
168
200
65
59
35
8
18
52
42
12
44
130
36
147
50
173
138
160
166
31
30
57
54
184
93
145
117
88
198
