99
100
98
101
97
102
103
96
104
95
105
106
94
107
108
93
109
92
110
111
91
112
90
113
114
89
115
88
116
87
117
118
86
119
120
85
121
84
122
123
83
124
82
125
126
81
127
80
128
79
129
130
78
131
132
77
133
76
134
75
135
136
74
137
138
73
139
72
140
141
71
142
70
143
144
69
145
68
146
147
67
148
66
149
150
65
151
64
152
153
63
154
62
155
156
61
157
60
158
159
59
160
58
161
57
162
163
56
164
55
165
166
54
167
168
53
169
52
170
171
51
172
50
173
49
174
175
48
176
177
47
178
46
179
45
180
44
43
42
41
40
39
38
37
36
35
34
33
32
31
30
29
28
27
26
25
24
23
22
21
20
19
18
17
16
15
14
13
12
11
10
9
8
7
6
5
4
3
2
1
