2
143
5
3
7
169
10
11
6
13
42
139
77
66
15
14
17
19
20
21
23
24
25
26
28
129
29
27
33
32
34
36
35
38
105
41
40
43
37
44
55
48
46
49
50
52
51
54
53
56
57
58
167
61
60
64
63
65
166
68
71
73
69
74
75
78
70
80
82
81
84
86
111
119
87
89
88
90
93
92
95
94
91
97
96
99
118
103
102
100
104
101
120
123
106
107
108
109
128
110
112
122
114
113
116
115
157
121
132
125
124
162
151
165
127
126
147
130
131
141
133
136
146
137
135
134
138
153
142
152
156
144
145
149
148
160
150
154
158
159
161
155
140
163
117
164
98
83
72
76
67
